e:\cvproject\cvproject.core\x64\debug\vc140.pdb
e:\cvproject\cvproject.core\x64\debug\vc140.idb
e:\cvproject\cvproject.core\x64\debug\arithmetic.obj
e:\cvproject\cvproject.core\x64\debug\binarization.obj
e:\cvproject\cvproject.core\x64\debug\coloradjust.obj
e:\cvproject\cvproject.core\x64\debug\contrast.obj
e:\cvproject\cvproject.core\x64\debug\cvproject.core.obj
e:\cvproject\cvproject.core\x64\debug\filter.obj
e:\cvproject\cvproject.core\x64\debug\grayscale.obj
e:\cvproject\cvproject.core\x64\debug\hough.obj
e:\cvproject\cvproject.core\x64\debug\morphology.obj
e:\cvproject\cvproject.core\x64\debug\stdafx.obj
e:\cvproject\cvproject.core\x64\debug\transform.obj
e:\cvproject\cvproject.core\x64\debug\dllmain.obj
e:\cvproject\debug\cvproject.core.lib
e:\cvproject\debug\cvproject.core.exp
e:\cvproject\debug\cvproject.core.ilk
e:\cvproject\debug\cvproject.core.dll
e:\cvproject\debug\cvproject.core.pdb
e:\cvproject\cvproject.core\x64\debug\cvproject.core.tlog\cl.command.1.tlog
e:\cvproject\cvproject.core\x64\debug\cvproject.core.tlog\cl.read.1.tlog
e:\cvproject\cvproject.core\x64\debug\cvproject.core.tlog\cl.write.1.tlog
e:\cvproject\cvproject.core\x64\debug\cvproject.core.tlog\cvproject.core.write.1u.tlog
e:\cvproject\cvproject.core\x64\debug\cvproject.core.tlog\link.command.1.tlog
e:\cvproject\cvproject.core\x64\debug\cvproject.core.tlog\link.read.1.tlog
e:\cvproject\cvproject.core\x64\debug\cvproject.core.tlog\link.write.1.tlog
