  morphology.cpp
f:\cvproject\cvproject.core\morphology.cpp(332): warning C4244: “=”: 从“double”转换到“unsigned char”，可能丢失数据
f:\cvproject\cvproject.core\morphology.cpp(345): warning C4267: “初始化”: 从“size_t”转换到“int”，可能丢失数据
  正在生成代码...
  正在编译...
  hough.cpp
f:\cvproject\cvproject.core\hough.cpp(14): warning C4244: “初始化”: 从“double”转换到“int”，可能丢失数据
f:\cvproject\cvproject.core\hough.cpp(22): warning C4244: “初始化”: 从“double”转换到“int”，可能丢失数据
f:\cvproject\cvproject.core\hough.cpp(57): warning C4244: “初始化”: 从“double”转换到“int”，可能丢失数据
  Transform.cpp
f:\cvproject\cvproject.core\transform.cpp(23): warning C4838: 从“double”转换到“unsigned char”需要收缩转换
f:\cvproject\cvproject.core\transform.cpp(23): warning C4244: “初始化”: 从“double”转换到“unsigned char”，可能丢失数据
f:\cvproject\cvproject.core\transform.cpp(29): warning C4838: 从“double”转换到“unsigned char”需要收缩转换
f:\cvproject\cvproject.core\transform.cpp(29): warning C4244: “初始化”: 从“double”转换到“unsigned char”，可能丢失数据
f:\cvproject\cvproject.core\transform.cpp(51): warning C4244: “初始化”: 从“double”转换到“int”，可能丢失数据
f:\cvproject\cvproject.core\transform.cpp(52): warning C4244: “初始化”: 从“double”转换到“int”，可能丢失数据
f:\cvproject\cvproject.core\transform.cpp(60): warning C4838: 从“int”转换到“double”需要收缩转换
f:\cvproject\cvproject.core\transform.cpp(75): warning C4838: 从“double”转换到“unsigned char”需要收缩转换
f:\cvproject\cvproject.core\transform.cpp(75): warning C4244: “初始化”: 从“double”转换到“unsigned char”，可能丢失数据
f:\cvproject\cvproject.core\transform.cpp(81): warning C4838: 从“double”转换到“unsigned char”需要收缩转换
f:\cvproject\cvproject.core\transform.cpp(81): warning C4244: “初始化”: 从“double”转换到“unsigned char”，可能丢失数据
  Grayscale.cpp
f:\cvproject\cvproject.core\grayscale.cpp(14): warning C4244: “=”: 从“double”转换到“unsigned char”，可能丢失数据
  Filter.cpp
f:\cvproject\cvproject.core\filter.cpp(25): warning C4244: “=”: 从“double”转换到“int”，可能丢失数据
f:\cvproject\cvproject.core\filter.cpp(26): warning C4244: “=”: 从“double”转换到“int”，可能丢失数据
f:\cvproject\cvproject.core\filter.cpp(27): warning C4244: “=”: 从“double”转换到“int”，可能丢失数据
  Contrast.cpp
f:\cvproject\cvproject.core\contrast.cpp(19): warning C4244: “=”: 从“double”转换到“int”，可能丢失数据
f:\cvproject\cvproject.core\contrast.cpp(32): warning C4244: “=”: 从“double”转换到“unsigned char”，可能丢失数据
f:\cvproject\cvproject.core\contrast.cpp(34): warning C4244: “=”: 从“double”转换到“unsigned char”，可能丢失数据
f:\cvproject\cvproject.core\contrast.cpp(36): warning C4244: “=”: 从“double”转换到“unsigned char”，可能丢失数据
f:\cvproject\cvproject.core\contrast.cpp(53): warning C4244: “=”: 从“double”转换到“unsigned char”，可能丢失数据
f:\cvproject\cvproject.core\contrast.cpp(70): warning C4244: “=”: 从“double”转换到“unsigned char”，可能丢失数据
  ColorAdjust.cpp
f:\cvproject\cvproject.core\coloradjust.cpp(71): warning C4244: “=”: 从“double”转换到“unsigned char”，可能丢失数据
f:\cvproject\cvproject.core\coloradjust.cpp(72): warning C4244: “=”: 从“double”转换到“unsigned char”，可能丢失数据
f:\cvproject\cvproject.core\coloradjust.cpp(73): warning C4244: “=”: 从“double”转换到“unsigned char”，可能丢失数据
  CVProject.Core.cpp
  Binarization.cpp
  Arithmetic.cpp
f:\cvproject\cvproject.core\arithmetic.cpp(14): warning C4244: “=”: 从“double”转换到“int”，可能丢失数据
f:\cvproject\cvproject.core\arithmetic.cpp(15): warning C4244: “=”: 从“double”转换到“int”，可能丢失数据
f:\cvproject\cvproject.core\arithmetic.cpp(16): warning C4244: “=”: 从“double”转换到“int”，可能丢失数据
f:\cvproject\cvproject.core\arithmetic.cpp(19): warning C4244: “=”: 从“double”转换到“int”，可能丢失数据
f:\cvproject\cvproject.core\arithmetic.cpp(20): warning C4244: “=”: 从“double”转换到“int”，可能丢失数据
f:\cvproject\cvproject.core\arithmetic.cpp(21): warning C4244: “=”: 从“double”转换到“int”，可能丢失数据
  正在生成代码...
    正在创建库 F:\CVProject\Debug\CVProject.Core.lib 和对象 F:\CVProject\Debug\CVProject.Core.exp
  CVProject.Core.vcxproj -> F:\CVProject\Debug\CVProject.Core.dll
